{"/Users/rajsoni/Desktop/careLULU/config/database.js": {"path":"/Users/rajsoni/Desktop/careLULU/config/database.js","statementMap":{"0":{"start":{"line":1,"column":18},"end":{"line":1,"column":38}},"1":{"start":{"line":4,"column":0},"end":{"line":15,"column":1}},"2":{"start":{"line":5,"column":4},"end":{"line":8,"column":6}},"3":{"start":{"line":11,"column":4},"end":{"line":14,"column":6}},"4":{"start":{"line":19,"column":0},"end":{"line":19,"column":26}}},"fnMap":{},"branchMap":{"0":{"loc":{"start":{"line":4,"column":0},"end":{"line":15,"column":1}},"type":"if","locations":[{"start":{"line":4,"column":0},"end":{"line":15,"column":1}},{"start":{"line":10,"column":4},"end":{"line":15,"column":1}}],"line":4}},"s":{"0":1,"1":1,"2":0,"3":1,"4":1},"f":{},"b":{"0":[0,1]},"_coverageSchema":"1a1c01bbd47fc00a2c39e90264f33305004495a9","hash":"a28e4910aef3fa391a830eaf172c5d25ed107361"}
,"/Users/rajsoni/Desktop/careLULU/config/logger.js": {"path":"/Users/rajsoni/Desktop/careLULU/config/logger.js","statementMap":{"0":{"start":{"line":1,"column":44},"end":{"line":1,"column":62}},"1":{"start":{"line":3,"column":18},"end":{"line":3,"column":49}},"2":{"start":{"line":5,"column":18},"end":{"line":36,"column":2}},"3":{"start":{"line":6,"column":25},"end":{"line":8,"column":5}},"4":{"start":{"line":7,"column":8},"end":{"line":7,"column":70}},"5":{"start":{"line":9,"column":22},"end":{"line":9,"column":53}},"6":{"start":{"line":11,"column":26},"end":{"line":24,"column":5}},"7":{"start":{"line":12,"column":8},"end":{"line":22,"column":10}},"8":{"start":{"line":13,"column":12},"end":{"line":21,"column":13}},"9":{"start":{"line":14,"column":16},"end":{"line":14,"column":47}},"10":{"start":{"line":15,"column":19},"end":{"line":21,"column":13}},"11":{"start":{"line":16,"column":16},"end":{"line":16,"column":51}},"12":{"start":{"line":17,"column":19},"end":{"line":21,"column":13}},"13":{"start":{"line":18,"column":16},"end":{"line":18,"column":33}},"14":{"start":{"line":20,"column":16},"end":{"line":20,"column":33}},"15":{"start":{"line":23,"column":8},"end":{"line":23,"column":21}},"16":{"start":{"line":27,"column":4},"end":{"line":32,"column":5}},"17":{"start":{"line":28,"column":8},"end":{"line":31,"column":9}},"18":{"start":{"line":33,"column":4},"end":{"line":35,"column":5}},"19":{"start":{"line":38,"column":15},"end":{"line":49,"column":2}},"20":{"start":{"line":51,"column":0},"end":{"line":51,"column":23}}},"fnMap":{"0":{"name":"(anonymous_0)","decl":{"start":{"line":5,"column":25},"end":{"line":5,"column":26}},"loc":{"start":{"line":5,"column":35},"end":{"line":36,"column":1}},"line":5},"1":{"name":"(anonymous_1)","decl":{"start":{"line":6,"column":25},"end":{"line":6,"column":26}},"loc":{"start":{"line":6,"column":86},"end":{"line":8,"column":5}},"line":6},"2":{"name":"(anonymous_2)","decl":{"start":{"line":11,"column":26},"end":{"line":11,"column":27}},"loc":{"start":{"line":11,"column":48},"end":{"line":24,"column":5}},"line":11},"3":{"name":"(anonymous_3)","decl":{"start":{"line":12,"column":20},"end":{"line":12,"column":21}},"loc":{"start":{"line":12,"column":28},"end":{"line":22,"column":9}},"line":12}},"branchMap":{"0":{"loc":{"start":{"line":3,"column":18},"end":{"line":3,"column":49}},"type":"binary-expr","locations":[{"start":{"line":3,"column":18},"end":{"line":3,"column":39}},{"start":{"line":3,"column":43},"end":{"line":3,"column":49}}],"line":3},"1":{"loc":{"start":{"line":9,"column":22},"end":{"line":9,"column":53}},"type":"binary-expr","locations":[{"start":{"line":9,"column":22},"end":{"line":9,"column":47}},{"start":{"line":9,"column":51},"end":{"line":9,"column":53}}],"line":9},"2":{"loc":{"start":{"line":11,"column":32},"end":{"line":11,"column":43}},"type":"default-arg","locations":[{"start":{"line":11,"column":41},"end":{"line":11,"column":43}}],"line":11},"3":{"loc":{"start":{"line":13,"column":12},"end":{"line":21,"column":13}},"type":"if","locations":[{"start":{"line":13,"column":12},"end":{"line":21,"column":13}},{"start":{"line":15,"column":19},"end":{"line":21,"column":13}}],"line":13},"4":{"loc":{"start":{"line":15,"column":19},"end":{"line":21,"column":13}},"type":"if","locations":[{"start":{"line":15,"column":19},"end":{"line":21,"column":13}},{"start":{"line":17,"column":19},"end":{"line":21,"column":13}}],"line":15},"5":{"loc":{"start":{"line":17,"column":19},"end":{"line":21,"column":13}},"type":"if","locations":[{"start":{"line":17,"column":19},"end":{"line":21,"column":13}},{"start":{"line":19,"column":19},"end":{"line":21,"column":13}}],"line":17},"6":{"loc":{"start":{"line":27,"column":4},"end":{"line":32,"column":5}},"type":"if","locations":[{"start":{"line":27,"column":4},"end":{"line":32,"column":5}},{"start":{},"end":{}}],"line":27},"7":{"loc":{"start":{"line":30,"column":13},"end":{"line":30,"column":58}},"type":"cond-expr","locations":[{"start":{"line":30,"column":38},"end":{"line":30,"column":46}},{"start":{"line":30,"column":49},"end":{"line":30,"column":58}}],"line":30},"8":{"loc":{"start":{"line":39,"column":11},"end":{"line":39,"column":30}},"type":"binary-expr","locations":[{"start":{"line":39,"column":11},"end":{"line":39,"column":20}},{"start":{"line":39,"column":24},"end":{"line":39,"column":30}}],"line":39}},"s":{"0":1,"1":1,"2":1,"3":0,"4":0,"5":0,"6":0,"7":0,"8":0,"9":0,"10":0,"11":0,"12":0,"13":0,"14":0,"15":0,"16":0,"17":0,"18":0,"19":1,"20":1},"f":{"0":0,"1":0,"2":0,"3":0},"b":{"0":[1,1],"1":[0,0],"2":[0],"3":[0,0],"4":[0,0],"5":[0,0],"6":[0,0],"7":[0,0],"8":[1,0]},"_coverageSchema":"1a1c01bbd47fc00a2c39e90264f33305004495a9","hash":"bfdfb1bef53a1b77c67ba764960c86697d821e46"}
}
